0 info it worked if it ends with ok
1 verbose cli [ '/Users/am/.nvm/versions/node/v4.4.7/bin/node',
1 verbose cli   '/Users/am/.nvm/versions/node/v4.4.7/bin/npm',
1 verbose cli   'run-script',
1 verbose cli   'start' ]
2 info using npm@3.10.2
3 info using node@v4.4.7
4 verbose run-script [ 'prestart', 'start', 'poststart' ]
5 info lifecycle gulp-ftl@1.0.0~prestart: gulp-ftl@1.0.0
6 silly lifecycle gulp-ftl@1.0.0~prestart: no script for prestart, continuing
7 info lifecycle gulp-ftl@1.0.0~start: gulp-ftl@1.0.0
8 verbose lifecycle gulp-ftl@1.0.0~start: unsafe-perm in lifecycle true
9 verbose lifecycle gulp-ftl@1.0.0~start: PATH: /Users/am/.nvm/versions/node/v4.4.7/lib/node_modules/npm/bin/node-gyp-bin:/Users/am/workspace/codes/wdzj/gulp-ftl/node_modules/.bin:/Users/am/.nvm/versions/node/v4.4.7/bin:/opt/subversion/bin:/Users/am/.nvm/versions/node/v4.4.7/bin:/usr/local/opt/php70/sbin:/usr/local/opt/php70/bin:/Volumes/Transcend/Library/Android/sdk/platform-tools:/Volumes/Transcend/Library/Android/sdk/tools:/usr/local/bin:/usr/bin:/bin:/usr/sbin:/sbin:/usr/local/aria2/bin:/usr/local/git/bin:/usr/local/go/bin:/Users/am/bin:/Users/am/workspace/go/bin:/opt/subversion/bin:/Users/am/.nvm/versions/node/v4.4.7/bin:/usr/local/opt/php70/sbin:/usr/local/opt/php70/bin:/Volumes/Transcend/Library/Android/sdk/platform-tools:/Volumes/Transcend/Library/Android/sdk/tools:/usr/local/bin:/usr/bin:/bin:/usr/sbin:/sbin:/usr/local/aria2/bin:/usr/local/git/bin:/usr/local/go/bin:/Users/am/bin
10 verbose lifecycle gulp-ftl@1.0.0~start: CWD: /Users/am/workspace/codes/wdzj/gulp-ftl
11 silly lifecycle gulp-ftl@1.0.0~start: Args: [ '-c', 'gulp watch' ]
12 silly lifecycle gulp-ftl@1.0.0~start: Returned: code: 1  signal: null
13 info lifecycle gulp-ftl@1.0.0~start: Failed to exec start script
14 verbose stack Error: gulp-ftl@1.0.0 start: `gulp watch`
14 verbose stack Exit status 1
14 verbose stack     at EventEmitter.<anonymous> (/Users/am/.nvm/versions/node/v4.4.7/lib/node_modules/npm/lib/utils/lifecycle.js:242:16)
14 verbose stack     at emitTwo (events.js:87:13)
14 verbose stack     at EventEmitter.emit (events.js:172:7)
14 verbose stack     at ChildProcess.<anonymous> (/Users/am/.nvm/versions/node/v4.4.7/lib/node_modules/npm/lib/utils/spawn.js:40:14)
14 verbose stack     at emitTwo (events.js:87:13)
14 verbose stack     at ChildProcess.emit (events.js:172:7)
14 verbose stack     at maybeClose (internal/child_process.js:827:16)
14 verbose stack     at Process.ChildProcess._handle.onexit (internal/child_process.js:211:5)
15 verbose pkgid gulp-ftl@1.0.0
16 verbose cwd /Users/am/workspace/codes/wdzj/gulp-ftl
17 error Darwin 15.5.0
18 error argv "/Users/am/.nvm/versions/node/v4.4.7/bin/node" "/Users/am/.nvm/versions/node/v4.4.7/bin/npm" "run-script" "start"
19 error node v4.4.7
20 error npm  v3.10.2
21 error code ELIFECYCLE
22 error gulp-ftl@1.0.0 start: `gulp watch`
22 error Exit status 1
23 error Failed at the gulp-ftl@1.0.0 start script 'gulp watch'.
23 error Make sure you have the latest version of node.js and npm installed.
23 error If you do, this is most likely a problem with the gulp-ftl package,
23 error not with npm itself.
23 error Tell the author that this fails on your system:
23 error     gulp watch
23 error You can get information on how to open an issue for this project with:
23 error     npm bugs gulp-ftl
23 error Or if that isn't available, you can get their info via:
23 error     npm owner ls gulp-ftl
23 error There is likely additional logging output above.
24 verbose exit [ 1, true ]
